<?xml version="1.0" encoding="UTF-8"?>
<!-- Generated by org.testng.reporters.JUnitReportReporter -->
<testsuite hostname="LAPTOP-JI1GNC1C" failures="0" tests="1" name="com.Coverfox_Test.TestCoverfoxUsingTestNG" time="8.038" errors="0" timestamp="2025-04-29T14:14:29 IST" skipped="0">
  <testcase classname="com.Coverfox_Test.TestCoverfoxUsingTestNG" name="validateCoverfoxPlans" time="8.038">
    <system-out>
      <![CDATA[getting YouAndHusband PlanNumber From Text
getting YouAndHusband PlanNumber From PLANCARDS
YouAndHusband Plan numbers are matching. TC is passed
velocity 1
velocity 2
velocity 3]]>
    </system-out>
  </testcase> <!-- validateCoverfoxPlans -->
  <system-out>
    <![CDATA[reading Data From Properties file
launching Browser
Clicking on Gender
Selecting Husband and Mother options
clicking On NextButton Of HealthPlanPage
reading Data From Excel
handleling You Age DropDown 
reading Data From Excel
handleling Spouse Age DropDown 
reading Data From Excel
handleling Mother Age DropDown 
clicking On NextButton Of MemberDetailsPage
reading Data From Excel
entering PinCode
clicking On CheckBox
reading Data From Excel
entering MobileNumber
clicking On ContinueButton Of AddressDetailsPage
getting YouAndHusband PlanNumber From Text
getting YouAndHusband PlanNumber From PLANCARDS
YouAndHusband Plan numbers are matching. TC is passed
velocity 1
velocity 2
velocity 3
Closing Browser]]>
  </system-out>
</testsuite> <!-- com.Coverfox_Test.TestCoverfoxUsingTestNG -->
