<?xml version="1.0" encoding="UTF-8"?>
<!-- Generated by org.testng.reporters.JUnitReportReporter -->
<testsuite hostname="LAPTOP-JI1GNC1C" failures="0" tests="1" name="com.Coverfox_Test.TestCoverfoxErrorMsgUsingTestNG" time="3.605" errors="0" timestamp="2025-04-28T00:36:20 IST" skipped="0">
  <testcase classname="com.Coverfox_Test.TestCoverfoxErrorMsgUsingTestNG" name="validateErrorMsgsForPINCodesAndMobile" time="3.605">
    <system-out>
      <![CDATA[clicking On ContinueButton Of AddressDetailsPage
error msg for self pincode is displayed. TC is Passed
error msg for Parents pincode is displayed. TC is Passed
error msg for Mobile number is displayed. TC is Passed
getting Self PIN Code Error Message On AddressDetailsPage
error msg for self pincode is matching with expected error msg. TC is Passed
getting Parents PIN Code Error Message On AddressDetailsPage
error msg for Parents pincode is matching with expected error msg. TC is Passed
getting Mobile number Error Message On AddressDetailsPage
error msg for Mobile number is matching with expected error msg. TC is Passed]]>
    </system-out>
  </testcase> <!-- validateErrorMsgsForPINCodesAndMobile -->
  <system-out>
    <![CDATA[reading Data From Properties file
launching Browser
Clicking on Gender
Selecting Husband and Mother options
clicking On NextButton Of HealthPlanPage
reading Data From Excel
handleling You Age DropDown 
reading Data From Excel
handleling Spouse Age DropDown 
reading Data From Excel
handleling Mother Age DropDown 
clicking On NextButton Of MemberDetailsPage
clicking On ContinueButton Of AddressDetailsPage
clicking On ContinueButton Of AddressDetailsPage
error msg for self pincode is displayed. TC is Passed
error msg for Parents pincode is displayed. TC is Passed
error msg for Mobile number is displayed. TC is Passed
getting Self PIN Code Error Message On AddressDetailsPage
error msg for self pincode is matching with expected error msg. TC is Passed
getting Parents PIN Code Error Message On AddressDetailsPage
error msg for Parents pincode is matching with expected error msg. TC is Passed
getting Mobile number Error Message On AddressDetailsPage
error msg for Mobile number is matching with expected error msg. TC is Passed
Closing browser]]>
  </system-out>
</testsuite> <!-- com.Coverfox_Test.TestCoverfoxErrorMsgUsingTestNG -->
