<?xml version="1.0" encoding="UTF-8"?>
<!-- Generated by org.testng.reporters.JUnitReportReporter -->
<testsuite hostname="LAPTOP-JI1GNC1C" failures="0" tests="1" name="com.Test.NewTest" time="5.815" errors="0" timestamp="2025-04-18T21:02:44 IST" skipped="0">
  <testcase classname="com.Test.NewTest" name="f" time="5.815"/>
</testsuite> <!-- com.Test.NewTest -->
